<?xml version="1.0" encoding="UTF-8"?>
<testsuite name="azkaban.utils.PropsTest" tests="1" skipped="0" failures="0" errors="0" timestamp="2020-08-04T02:00:31" hostname="DESKTOP-KDA7QBB" time="0.001">
  <properties/>
  <testcase name="testSplit1" classname="azkaban.utils.PropsTest" time="0.001"/>
  <system-out><![CDATA[]]></system-out>
  <system-err><![CDATA[]]></system-err>
</testsuite>
