<?xml version="1.0" encoding="UTF-8"?>
<testsuite name="azkaban.test.executions.ExecutionsTestUtilTest" tests="3" skipped="0" failures="0" errors="0" timestamp="2020-08-04T02:00:32" hostname="DESKTOP-KDA7QBB" time="0.185">
  <properties/>
  <testcase name="getDataRootDir" classname="azkaban.test.executions.ExecutionsTestUtilTest" time="0.182"/>
  <testcase name="getFlowFile" classname="azkaban.test.executions.ExecutionsTestUtilTest" time="0.001"/>
  <testcase name="getFlowDir" classname="azkaban.test.executions.ExecutionsTestUtilTest" time="0.001"/>
  <system-out><![CDATA[]]></system-out>
  <system-err><![CDATA[]]></system-err>
</testsuite>
